<?xml version="1.0" encoding="UTF-8"?>
<!-- Generated by org.testng.reporters.JUnitReportReporter -->
<testsuite hostname="DESKTOP-6QN392I" failures="0" tests="3" name="Groupexecution.Test1" time="0.003" errors="0" timestamp="2024-10-02T15:23:55 IST" skipped="0">
  <testcase classname="Groupexecution.Test1" name="demo2" time="0.001"/>
  <system-out/>
  <testcase classname="Groupexecution.Test1" name="demo3" time="0.001"/>
  <system-out/>
  <testcase classname="Groupexecution.Test1" name="demo1" time="0.001"/>
  <system-out/>
</testsuite> <!-- Groupexecution.Test1 -->
