<?xml version="1.0" encoding="UTF-8"?>
<!-- Generated by org.testng.reporters.JUnitReportReporter -->
<testsuite hostname="DESKTOP-6QN392I" failures="0" tests="1" name="practieslisteners.Testclass" time="0.019" errors="0" timestamp="2024-10-02T15:59:56 IST" skipped="0">
  <testcase classname="practieslisteners.Testclass" name="testmethod" time="0.019"/>
  <system-out/>
</testsuite> <!-- practieslisteners.Testclass -->
