<?xml version="1.0" encoding="UTF-8"?>
<!-- Generated by org.testng.reporters.JUnitReportReporter -->
<testsuite hostname="DESKTOP-6QN392I" failures="0" tests="2" name="Groupexecution.Test2" time="0.021" errors="0" timestamp="2024-10-02T15:26:21 IST" skipped="0">
  <testcase classname="Groupexecution.Test2" name="demo3" time="0.002"/>
  <system-out/>
  <testcase classname="Groupexecution.Test2" name="demo2" time="0.019"/>
  <system-out/>
</testsuite> <!-- Groupexecution.Test2 -->
