<?xml version="1.0" encoding="UTF-8"?>
<!-- Generated by org.testng.reporters.JUnitReportReporter -->
<testsuite hostname="DESKTOP-6QN392I" failures="0" tests="1" name="TestNG.getsystemAndBrowserProperties" time="0.022" errors="0" timestamp="2024-10-16T15:58:48 IST" skipped="0">
  <testcase classname="TestNG.getsystemAndBrowserProperties" name="demo" time="0.022"/>
  <system-out/>
</testsuite> <!-- TestNG.getsystemAndBrowserProperties -->
