<?xml version="1.0" encoding="UTF-8"?>
<!-- Generated by org.testng.reporters.JUnitReportReporter -->
<testsuite hostname="DESKTOP-6QN392I" failures="0" tests="1" name="vtigerTests.CreateContactTest" time="25.266" errors="0" timestamp="2024-10-17T15:29:13 IST" skipped="0">
  <testcase classname="vtigerTests.CreateContactTest" name="createContactWithOrgTest" time="25.266"/>
  <system-out/>
</testsuite> <!-- vtigerTests.CreateContactTest -->
