<?xml version="1.0" encoding="UTF-8"?>
<!-- Generated by org.testng.reporters.JUnitReportReporter -->
<testsuite hostname="DESKTOP-6QN392I" failures="0" tests="1" name="TestNG.Sampletest" time="0.012" errors="0" timestamp="2024-09-27T15:38:47 IST" skipped="0">
  <testcase classname="TestNG.Sampletest" name="demo" time="0.012"/>
  <system-out>
    <![CDATA[Hello Wrold]]>
  </system-out>
</testsuite> <!-- TestNG.Sampletest -->
