<?xml version="1.0" encoding="UTF-8"?>
<!-- Generated by org.testng.reporters.JUnitReportReporter -->
<testsuite hostname="DESKTOP-6QN392I" failures="0" tests="1" name="Groupexecution.Test4" time="0.002" errors="0" timestamp="2024-10-02T15:23:55 IST" skipped="0">
  <testcase classname="Groupexecution.Test4" name="demo" time="0.002"/>
  <system-out/>
</testsuite> <!-- Groupexecution.Test4 -->
