<?xml version="1.0" encoding="UTF-8"?>
<!-- Generated by org.testng.reporters.JUnitReportReporter -->
<testsuite hostname="DESKTOP-6QN392I" failures="0" tests="2" name="TestNG.enableFlagPractice" time="0.018" errors="0" timestamp="2024-09-27T16:29:05 IST" skipped="1">
  <testcase classname="TestNG.enableFlagPractice" name="demo3" time="0.018"/>
  <system-out>
    <![CDATA[demo3]]>
  </system-out>
  <testcase classname="TestNG.enableFlagPractice" name="demo1">
    <skipped/>
  </testcase> <!-- demo1 -->
  <system-out/>
</testsuite> <!-- TestNG.enableFlagPractice -->
