<?xml version="1.0" encoding="UTF-8"?>
<!-- Generated by org.testng.reporters.JUnitReportReporter -->
<testsuite hostname="DESKTOP-6QN392I" failures="0" tests="1" name="Groupexecution.Test3" time="0.002" errors="0" timestamp="2024-10-02T15:26:21 IST" skipped="0">
  <testcase classname="Groupexecution.Test3" name="demo1" time="0.002"/>
  <system-out/>
</testsuite> <!-- Groupexecution.Test3 -->
