<?xml version="1.0" encoding="UTF-8"?>
<!-- Generated by org.testng.reporters.JUnitReportReporter -->
<testsuite hostname="DESKTOP-6QN392I" failures="0" tests="1" name="Annotations.TestClass" time="15.117" errors="0" timestamp="2024-10-01T10:31:27 IST" skipped="0">
  <testcase classname="Annotations.TestClass" name="createCategroyTest" time="15.117"/>
  <system-out/>
</testsuite> <!-- Annotations.TestClass -->
