<?xml version="1.0" encoding="UTF-8"?>
<!-- Generated by org.testng.reporters.JUnitReportReporter -->
<testsuite hostname="DESKTOP-6QN392I" failures="0" tests="5" name="TestNG.invocationCount" time="0.013" errors="0" timestamp="2024-09-27T16:16:39 IST" skipped="0">
  <testcase classname="TestNG.invocationCount" name="demo1" time="0.011"/>
  <system-out>
    <![CDATA[demo1]]>
  </system-out>
  <testcase classname="TestNG.invocationCount" name="demo3" time="0.001"/>
  <system-out>
    <![CDATA[demo3]]>
  </system-out>
  <testcase classname="TestNG.invocationCount" name="demo1" time="0.001"/>
  <system-out>
    <![CDATA[demo1]]>
  </system-out>
  <testcase classname="TestNG.invocationCount" name="demo3" time="0.000"/>
  <system-out>
    <![CDATA[demo3]]>
  </system-out>
  <testcase classname="TestNG.invocationCount" name="demo1" time="0.000"/>
  <system-out>
    <![CDATA[demo1]]>
  </system-out>
</testsuite> <!-- TestNG.invocationCount -->
